d:\johnslair\johsgoogledrive\advancedgameprogramming\projects\swinginggame\debug\swinginggame.pch
d:\johnslair\johsgoogledrive\advancedgameprogramming\projects\swinginggame\debug\vc141.pdb
d:\johnslair\johsgoogledrive\advancedgameprogramming\projects\swinginggame\debug\vc141.idb
d:\johnslair\johsgoogledrive\advancedgameprogramming\projects\swinginggame\debug\pch.obj
d:\johnslair\johsgoogledrive\advancedgameprogramming\projects\swinginggame\debug\vgtime.obj
d:\johnslair\johsgoogledrive\advancedgameprogramming\projects\swinginggame\debug\transform.obj
d:\johnslair\johsgoogledrive\advancedgameprogramming\projects\swinginggame\debug\soundengine.obj
d:\johnslair\johsgoogledrive\advancedgameprogramming\projects\swinginggame\debug\geometry.obj
d:\johnslair\johsgoogledrive\advancedgameprogramming\projects\swinginggame\debug\obstacle.obj
d:\johnslair\johsgoogledrive\advancedgameprogramming\projects\swinginggame\debug\objfilemodel.obj
d:\johnslair\johsgoogledrive\advancedgameprogramming\projects\swinginggame\debug\model.obj
d:\johnslair\johsgoogledrive\advancedgameprogramming\projects\swinginggame\debug\gameobject.obj
d:\johnslair\johsgoogledrive\advancedgameprogramming\projects\swinginggame\debug\gamedata.obj
d:\johnslair\johsgoogledrive\advancedgameprogramming\projects\swinginggame\debug\enemy.obj
d:\johnslair\johsgoogledrive\advancedgameprogramming\projects\swinginggame\debug\d3dfw.obj
d:\johnslair\johsgoogledrive\advancedgameprogramming\projects\swinginggame\debug\command.obj
d:\johnslair\johsgoogledrive\advancedgameprogramming\projects\swinginggame\debug\collectable.obj
d:\johnslair\johsgoogledrive\advancedgameprogramming\projects\swinginggame\debug\character.obj
d:\johnslair\johsgoogledrive\advancedgameprogramming\projects\swinginggame\debug\camera.obj
d:\johnslair\johsgoogledrive\advancedgameprogramming\projects\swinginggame\debug\player.obj
d:\johnslair\johsgoogledrive\advancedgameprogramming\projects\swinginggame\debug\main.obj
d:\johnslair\johsgoogledrive\advancedgameprogramming\projects\swinginggame\debug\input.obj
d:\johnslair\johsgoogledrive\advancedgameprogramming\projects\swinginggame\debug\swinginggame.pdb
d:\johnslair\johsgoogledrive\advancedgameprogramming\projects\swinginggame\debug\swinginggame.tlog\cl.command.1.tlog
d:\johnslair\johsgoogledrive\advancedgameprogramming\projects\swinginggame\debug\swinginggame.tlog\cl.read.1.tlog
d:\johnslair\johsgoogledrive\advancedgameprogramming\projects\swinginggame\debug\swinginggame.tlog\cl.write.1.tlog
d:\johnslair\johsgoogledrive\advancedgameprogramming\projects\swinginggame\debug\swinginggame.tlog\link.8524-cvtres.read.1.tlog
d:\johnslair\johsgoogledrive\advancedgameprogramming\projects\swinginggame\debug\swinginggame.tlog\link.8524-cvtres.write.1.tlog
d:\johnslair\johsgoogledrive\advancedgameprogramming\projects\swinginggame\debug\swinginggame.tlog\link.8524-rc.read.1.tlog
d:\johnslair\johsgoogledrive\advancedgameprogramming\projects\swinginggame\debug\swinginggame.tlog\link.8524-rc.write.1.tlog
d:\johnslair\johsgoogledrive\advancedgameprogramming\projects\swinginggame\debug\swinginggame.tlog\link.8524.read.1.tlog
d:\johnslair\johsgoogledrive\advancedgameprogramming\projects\swinginggame\debug\swinginggame.tlog\link.8524.write.1.tlog
d:\johnslair\johsgoogledrive\advancedgameprogramming\projects\swinginggame\debug\swinginggame.tlog\link.command.1.tlog
d:\johnslair\johsgoogledrive\advancedgameprogramming\projects\swinginggame\debug\swinginggame.tlog\link.read.1.tlog
d:\johnslair\johsgoogledrive\advancedgameprogramming\projects\swinginggame\debug\swinginggame.tlog\link.write.1.tlog
