d:\johnslair\johsgoogledrive\advancedgameprogramming\projects\swinginggame\x64\debug\vc141.pdb
d:\johnslair\johsgoogledrive\advancedgameprogramming\projects\swinginggame\x64\debug\vc141.idb
d:\johnslair\johsgoogledrive\advancedgameprogramming\projects\swinginggame\x64\debug\transform.obj
d:\johnslair\johsgoogledrive\advancedgameprogramming\projects\swinginggame\x64\debug\main.obj
d:\johnslair\johsgoogledrive\advancedgameprogramming\projects\swinginggame\x64\debug\camera.obj
d:\johnslair\johsgoogledrive\advancedgameprogramming\projects\swinginggame\x64\debug\vgtime.obj
d:\johnslair\johsgoogledrive\advancedgameprogramming\projects\swinginggame\x64\debug\soundengine.obj
d:\johnslair\johsgoogledrive\advancedgameprogramming\projects\swinginggame\x64\debug\geometry.obj
d:\johnslair\johsgoogledrive\advancedgameprogramming\projects\swinginggame\x64\debug\player.obj
d:\johnslair\johsgoogledrive\advancedgameprogramming\projects\swinginggame\x64\debug\obstacle.obj
d:\johnslair\johsgoogledrive\advancedgameprogramming\projects\swinginggame\x64\debug\model.obj
d:\johnslair\johsgoogledrive\advancedgameprogramming\projects\swinginggame\x64\debug\input.obj
d:\johnslair\johsgoogledrive\advancedgameprogramming\projects\swinginggame\x64\debug\gameobject.obj
d:\johnslair\johsgoogledrive\advancedgameprogramming\projects\swinginggame\x64\debug\gamedata.obj
d:\johnslair\johsgoogledrive\advancedgameprogramming\projects\swinginggame\x64\debug\enemy.obj
d:\johnslair\johsgoogledrive\advancedgameprogramming\projects\swinginggame\x64\debug\command.obj
d:\johnslair\johsgoogledrive\advancedgameprogramming\projects\swinginggame\x64\debug\collectable.obj
d:\johnslair\johsgoogledrive\advancedgameprogramming\projects\swinginggame\x64\debug\character.obj
d:\johnslair\johsgoogledrive\advancedgameprogramming\projects\swinginggame\x64\debug\swinginggame.pdb
d:\johnslair\johsgoogledrive\advancedgameprogramming\projects\swinginggame\x64\debug\swinginggame.tlog\cl.command.1.tlog
d:\johnslair\johsgoogledrive\advancedgameprogramming\projects\swinginggame\x64\debug\swinginggame.tlog\cl.read.1.tlog
d:\johnslair\johsgoogledrive\advancedgameprogramming\projects\swinginggame\x64\debug\swinginggame.tlog\cl.write.1.tlog
d:\johnslair\johsgoogledrive\advancedgameprogramming\projects\swinginggame\x64\debug\swinginggame.tlog\fxc.command.1.tlog
d:\johnslair\johsgoogledrive\advancedgameprogramming\projects\swinginggame\x64\debug\swinginggame.tlog\fxc.read.1.tlog
d:\johnslair\johsgoogledrive\advancedgameprogramming\projects\swinginggame\x64\debug\swinginggame.tlog\link-cvtres.read.1.tlog
d:\johnslair\johsgoogledrive\advancedgameprogramming\projects\swinginggame\x64\debug\swinginggame.tlog\link-cvtres.write.1.tlog
d:\johnslair\johsgoogledrive\advancedgameprogramming\projects\swinginggame\x64\debug\swinginggame.tlog\link-rc.read.1.tlog
d:\johnslair\johsgoogledrive\advancedgameprogramming\projects\swinginggame\x64\debug\swinginggame.tlog\link-rc.write.1.tlog
d:\johnslair\johsgoogledrive\advancedgameprogramming\projects\swinginggame\x64\debug\swinginggame.tlog\link.command.1.tlog
d:\johnslair\johsgoogledrive\advancedgameprogramming\projects\swinginggame\x64\debug\swinginggame.tlog\link.read.1.tlog
d:\johnslair\johsgoogledrive\advancedgameprogramming\projects\swinginggame\x64\debug\swinginggame.tlog\link.write.1.tlog
